<?xml version="1.0" encoding="UTF-8"?>
<testsuite xmlns:xsi="http://www.w3.org/2001/XMLSchema-instance" xsi:noNamespaceSchemaLocation="https://maven.apache.org/surefire/maven-surefire-plugin/xsd/surefire-test-report-3.0.xsd" version="3.0" name="efs.task.functional.PersonSpeakersTest" time="0.024" tests="5" errors="0" skipped="0" failures="0">
  <properties>
[...]
</properties>
  <testcase name="canGreetInShoutingWay" classname="efs.task.functional.PersonSpeakersTest" time="0.019"/>
  <testcase name="canGreetLocalDE" classname="efs.task.functional.PersonSpeakersTest" time="0"/>
  <testcase name="canGreetLocalPL" classname="efs.task.functional.PersonSpeakersTest" time="0.001"/>
  <testcase name="canGreetLocalUSA" classname="efs.task.functional.PersonSpeakersTest" time="0.001"/>
  <testcase name="canGreet" classname="efs.task.functional.PersonSpeakersTest" time="0.001"/>
</testsuite>